Oct 31 16:41:31 Updated: nspr-4.19.0-1.el7_5.x86_64
Oct 31 16:41:31 Updated: libgcc-4.8.5-28.el7_5.1.x86_64
Oct 31 16:41:31 Updated: systemd-libs-219-57.el7_5.3.x86_64
Oct 31 16:41:32 Updated: nss-util-3.36.0-1.el7_5.x86_64
Oct 31 16:41:32 Updated: libuuid-2.23.2-52.el7_5.1.x86_64
Oct 31 16:41:32 Updated: audit-libs-2.8.1-3.el7_5.1.x86_64
Oct 31 16:41:32 Updated: libcom_err-1.42.9-12.el7_5.x86_64
Oct 31 16:41:32 Updated: libblkid-2.23.2-52.el7_5.1.x86_64
Oct 31 16:41:33 Updated: centos-release-7-5.1804.5.el7.centos.x86_64
Oct 31 16:41:33 Updated: libmount-2.23.2-52.el7_5.1.x86_64
Oct 31 16:41:40 Updated: systemd-219-57.el7_5.3.x86_64
Oct 31 16:41:42 Updated: util-linux-2.23.2-52.el7_5.1.x86_64
Oct 31 16:41:43 Updated: krb5-libs-1.15.1-19.el7.x86_64
Oct 31 16:41:43 Updated: procps-ng-3.3.10-17.el7_5.2.x86_64
Oct 31 16:41:44 Updated: initscripts-9.49.41-1.el7_5.2.x86_64
Oct 31 16:41:51 Updated: python-libs-2.7.5-69.el7_5.x86_64
Oct 31 16:41:51 Updated: python-2.7.5-69.el7_5.x86_64
Oct 31 16:41:51 Updated: python-firewall-0.4.4.4-15.el7_5.noarch
Oct 31 16:41:51 Updated: systemd-sysv-219-57.el7_5.3.x86_64
Oct 31 16:41:52 Updated: python-perf-3.10.0-862.14.4.el7.x86_64
Oct 31 16:41:52 Updated: libss-1.42.9-12.el7_5.x86_64
Oct 31 16:41:52 Updated: e2fsprogs-libs-1.42.9-12.el7_5.x86_64
Oct 31 16:41:52 Updated: nss-softokn-freebl-3.36.0-5.el7_5.x86_64
Oct 31 16:41:52 Updated: nss-softokn-3.36.0-5.el7_5.x86_64
Oct 31 16:41:53 Updated: nss-3.36.0-7.el7_5.x86_64
Oct 31 16:41:53 Updated: nss-sysinit-3.36.0-7.el7_5.x86_64
Oct 31 16:41:56 Updated: 1:NetworkManager-libnm-1.10.2-16.el7_5.x86_64
Oct 31 16:41:59 Updated: 1:NetworkManager-1.10.2-16.el7_5.x86_64
Oct 31 16:42:01 Updated: nss-tools-3.36.0-7.el7_5.x86_64
Oct 31 16:42:01 Updated: openldap-2.4.44-15.el7_5.x86_64
Oct 31 16:42:01 Updated: 12:dhcp-libs-4.2.5-68.el7.centos.1.x86_64
Oct 31 16:42:01 Updated: 12:dhcp-common-4.2.5-68.el7.centos.1.x86_64
Oct 31 16:42:02 Updated: libstdc++-4.8.5-28.el7_5.1.x86_64
Oct 31 16:42:20 Updated: selinux-policy-3.13.1-192.el7_5.6.noarch
Oct 31 16:42:20 Updated: kernel-tools-libs-3.10.0-862.14.4.el7.x86_64
Oct 31 16:42:20 Updated: firewalld-filesystem-0.4.4.4-15.el7_5.noarch
Oct 31 16:42:20 Updated: kpartx-0.4.9-119.el7_5.1.x86_64
Oct 31 16:42:21 Updated: dracut-033-535.el7_5.1.x86_64
Oct 31 16:42:22 Updated: iptables-1.4.21-24.1.el7_5.x86_64
Oct 31 16:42:22 Updated: 32:bind-license-9.9.4-61.el7_5.1.noarch
Oct 31 16:42:22 Updated: 32:bind-libs-lite-9.9.4-61.el7_5.1.x86_64
Oct 31 16:42:22 Updated: 12:dhclient-4.2.5-68.el7.centos.1.x86_64
Oct 31 16:42:22 Updated: dracut-network-033-535.el7_5.1.x86_64
Oct 31 16:42:37 Updated: linux-firmware-20180220-62.2.git6d51311.el7_5.noarch
Oct 31 16:42:46 Installed: kernel-3.10.0-862.14.4.el7.x86_64
Oct 31 16:42:47 Updated: kexec-tools-2.0.15-13.el7_5.2.x86_64
Oct 31 16:42:47 Updated: firewalld-0.4.4.4-15.el7_5.noarch
Oct 31 16:42:47 Updated: dracut-config-rescue-033-535.el7_5.1.x86_64
Oct 31 16:42:48 Updated: kernel-tools-3.10.0-862.14.4.el7.x86_64
Oct 31 16:43:14 Updated: selinux-policy-targeted-3.13.1-192.el7_5.6.noarch
Oct 31 16:43:15 Updated: 1:mariadb-libs-5.5.60-1.el7_5.x86_64
Oct 31 16:43:15 Updated: sudo-1.8.19p2-14.el7_5.x86_64
Oct 31 16:43:16 Updated: gnupg2-2.0.22-5.el7_5.x86_64
Oct 31 16:43:16 Updated: 1:NetworkManager-tui-1.10.2-16.el7_5.x86_64
Oct 31 16:43:16 Updated: 1:NetworkManager-team-1.10.2-16.el7_5.x86_64
Oct 31 16:43:16 Updated: 1:NetworkManager-wifi-1.10.2-16.el7_5.x86_64
Oct 31 16:43:16 Updated: e2fsprogs-1.42.9-12.el7_5.x86_64
Oct 31 16:43:17 Updated: tuned-2.9.0-1.el7_5.2.noarch
Oct 31 16:43:17 Updated: audit-2.8.1-3.el7_5.1.x86_64
Oct 31 16:43:18 Updated: rsyslog-8.24.0-16.el7_5.4.x86_64
Oct 31 16:43:21 Updated: 2:microcode_ctl-2.1-29.16.el7_5.x86_64
Oct 31 16:43:21 Updated: iwl6000g2a-firmware-17.168.5.3-62.2.el7_5.noarch
Oct 31 16:43:21 Updated: iwl5000-firmware-8.83.5.1_1-62.2.el7_5.noarch
Oct 31 16:43:24 Updated: tzdata-2018f-2.el7.noarch
Oct 31 16:43:24 Updated: iwl135-firmware-18.168.6.1-62.2.el7_5.noarch
Oct 31 16:43:24 Updated: iwl6050-firmware-41.28.5.1-62.2.el7_5.noarch
Oct 31 16:43:25 Updated: iwl7260-firmware-22.0.7.0-62.2.el7_5.noarch
Oct 31 16:43:25 Updated: iwl2000-firmware-18.168.6.1-62.2.el7_5.noarch
Oct 31 16:43:25 Updated: iwl105-firmware-18.168.6.1-62.2.el7_5.noarch
Oct 31 16:43:27 Updated: binutils-2.27-28.base.el7_5.1.x86_64
Oct 31 16:43:27 Updated: iwl3945-firmware-15.32.2.9-62.2.el7_5.noarch
Oct 31 16:43:27 Updated: iwl6000g2b-firmware-17.168.5.2-62.2.el7_5.noarch
Oct 31 16:43:28 Updated: iwl3160-firmware-22.0.7.0-62.2.el7_5.noarch
Oct 31 16:43:28 Updated: iwl5150-firmware-8.24.2.2-62.2.el7_5.noarch
Oct 31 16:43:28 Updated: iwl100-firmware-39.31.5.1-62.2.el7_5.noarch
Oct 31 16:43:28 Updated: 1:iwl1000-firmware-39.31.5.1-62.2.el7_5.noarch
Oct 31 16:43:30 Updated: ca-certificates-2018.2.22-70.0.el7_5.noarch
Oct 31 16:43:30 Updated: iwl4965-firmware-228.61.2.24-62.2.el7_5.noarch
Oct 31 16:43:30 Updated: iwl6000-firmware-9.221.4.1-62.2.el7_5.noarch
Oct 31 16:43:30 Updated: yum-plugin-fastestmirror-1.1.31-46.el7_5.noarch
Oct 31 16:43:30 Updated: iwl2030-firmware-18.168.6.1-62.2.el7_5.noarch
Oct 31 16:43:30 Updated: libgomp-4.8.5-28.el7_5.1.x86_64
Oct 31 16:43:32 Updated: iwl7265-firmware-22.0.7.0-62.2.el7_5.noarch
Oct 31 16:47:53 Installed: mpfr-3.1.1-4.el7.x86_64
Oct 31 16:47:53 Installed: libmpc-1.0.1-3.el7.x86_64
Oct 31 16:47:54 Installed: libquadmath-4.8.5-28.el7_5.1.x86_64
Oct 31 16:47:54 Installed: m4-1.4.16-10.el7.x86_64
Oct 31 16:47:54 Installed: apr-1.4.8-3.el7_4.1.x86_64
Oct 31 16:47:54 Installed: apr-util-1.5.2-6.el7.x86_64
Oct 31 16:47:54 Installed: zip-3.0-11.el7.x86_64
Oct 31 16:47:54 Installed: patch-2.7.1-10.el7_5.x86_64
Oct 31 16:47:54 Installed: avahi-libs-0.6.31-19.el7.x86_64
Oct 31 16:47:54 Installed: boost-system-1.53.0-27.el7.x86_64
Oct 31 16:47:54 Installed: unzip-6.0-19.el7.x86_64
Oct 31 16:47:54 Installed: boost-thread-1.53.0-27.el7.x86_64
Oct 31 16:47:54 Installed: libgfortran-4.8.5-28.el7_5.1.x86_64
Oct 31 16:47:56 Installed: cpp-4.8.5-28.el7_5.1.x86_64
Oct 31 16:47:56 Installed: 1:perl-parent-0.225-244.el7.noarch
Oct 31 16:47:56 Installed: perl-HTTP-Tiny-0.033-3.el7.noarch
Oct 31 16:47:56 Installed: perl-podlators-2.5.1-3.el7.noarch
Oct 31 16:47:56 Installed: perl-Pod-Perldoc-3.20-4.el7.noarch
Oct 31 16:47:56 Installed: 1:perl-Pod-Escapes-1.04-292.el7.noarch
Oct 31 16:47:56 Installed: perl-Text-ParseWords-3.29-4.el7.noarch
Oct 31 16:47:57 Installed: perl-Encode-2.51-7.el7.x86_64
Oct 31 16:47:57 Installed: perl-Pod-Usage-1.63-3.el7.noarch
Oct 31 16:47:57 Installed: 4:perl-libs-5.16.3-292.el7.x86_64
Oct 31 16:47:57 Installed: 4:perl-macros-5.16.3-292.el7.x86_64
Oct 31 16:47:57 Installed: perl-Socket-2.010-4.el7.x86_64
Oct 31 16:47:57 Installed: 4:perl-Time-HiRes-1.9725-3.el7.x86_64
Oct 31 16:47:57 Installed: perl-threads-1.87-4.el7.x86_64
Oct 31 16:47:57 Installed: perl-Scalar-List-Utils-1.27-248.el7.x86_64
Oct 31 16:47:57 Installed: perl-threads-shared-1.43-6.el7.x86_64
Oct 31 16:47:57 Installed: perl-Storable-2.45-3.el7.x86_64
Oct 31 16:47:57 Installed: perl-Carp-1.26-244.el7.noarch
Oct 31 16:47:57 Installed: perl-Filter-1.49-3.el7.x86_64
Oct 31 16:47:58 Installed: perl-Exporter-5.68-3.el7.noarch
Oct 31 16:47:58 Installed: perl-constant-1.27-2.el7.noarch
Oct 31 16:47:58 Installed: perl-File-Temp-0.23.01-3.el7.noarch
Oct 31 16:47:58 Installed: perl-File-Path-2.09-2.el7.noarch
Oct 31 16:47:58 Installed: perl-PathTools-3.40-5.el7.x86_64
Oct 31 16:47:58 Installed: perl-Time-Local-1.2300-2.el7.noarch
Oct 31 16:47:58 Installed: 1:perl-Pod-Simple-3.28-4.el7.noarch
Oct 31 16:47:58 Installed: perl-Getopt-Long-2.40-3.el7.noarch
Oct 31 16:48:03 Installed: 4:perl-5.16.3-292.el7.x86_64
Oct 31 16:48:03 Installed: perl-Thread-Queue-3.02-2.el7.noarch
Oct 31 16:48:03 Installed: 1:perl-Error-0.17020-2.el7.noarch
Oct 31 16:48:03 Installed: perl-TermReadKey-2.30-20.el7.x86_64
Oct 31 16:48:03 Installed: perl-Data-Dumper-2.145-3.el7.x86_64
Oct 31 16:48:03 Installed: autoconf-2.69-11.el7.noarch
Oct 31 16:48:03 Installed: perl-XML-Parser-2.41-10.el7.x86_64
Oct 31 16:48:04 Installed: perl-Test-Harness-3.28-3.el7.noarch
Oct 31 16:48:04 Installed: automake-1.13.4-3.el7.noarch
Oct 31 16:48:43 Installed: kernel-debug-devel-3.10.0-862.14.4.el7.x86_64
Oct 31 16:48:43 Installed: bzip2-1.0.6-13.el7.x86_64
Oct 31 16:48:45 Installed: libstdc++-devel-4.8.5-28.el7_5.1.x86_64
Oct 31 16:48:45 Installed: pakchois-0.4-10.el7.x86_64
Oct 31 16:48:45 Installed: dwz-0.11-3.el7.x86_64
Oct 31 16:48:45 Installed: efivar-libs-31-4.el7.x86_64
Oct 31 16:48:45 Installed: mokutil-12-2.el7.x86_64
Oct 31 16:48:45 Installed: elfutils-0.170-4.el7.x86_64
Oct 31 16:48:45 Installed: perl-srpm-macros-1-8.el7.noarch
Oct 31 16:48:45 Installed: redhat-rpm-config-9.1.0-80.el7.centos.noarch
Oct 31 16:48:46 Installed: rsync-3.1.2-4.el7.x86_64
Oct 31 16:48:46 Installed: libmodman-2.0.1-8.el7.x86_64
Oct 31 16:48:46 Installed: libproxy-0.4.11-11.el7.x86_64
Oct 31 16:48:46 Installed: trousers-0.3.14-2.el7.x86_64
Oct 31 16:48:47 Installed: gdb-7.6.1-110.el7.x86_64
Oct 31 16:48:47 Installed: 1:emacs-filesystem-24.3-20.el7_4.noarch
Oct 31 16:48:48 Installed: kernel-headers-3.10.0-862.14.4.el7.x86_64
Oct 31 16:48:49 Installed: glibc-headers-2.17-222.el7.x86_64
Oct 31 16:48:50 Installed: glibc-devel-2.17-222.el7.x86_64
Oct 31 16:48:52 Installed: gcc-4.8.5-28.el7_5.1.x86_64
Oct 31 16:48:52 Installed: libquadmath-devel-4.8.5-28.el7_5.1.x86_64
Oct 31 16:48:54 Installed: systemtap-devel-3.2-8.el7_5.x86_64
Oct 31 16:48:55 Installed: boost-date-time-1.53.0-27.el7.x86_64
Oct 31 16:48:55 Installed: gettext-common-devel-0.19.8.1-2.el7.noarch
Oct 31 16:48:55 Installed: nettle-2.7.1-8.el7.x86_64
Oct 31 16:48:55 Installed: gnutls-3.3.26-9.el7.x86_64
Oct 31 16:48:55 Installed: neon-0.30.0-3.el7.x86_64
Oct 31 16:48:56 Installed: subversion-libs-1.7.14-14.el7.x86_64
Oct 31 16:48:56 Installed: libdwarf-20130207-4.el7.x86_64
Oct 31 16:48:57 Installed: dyninst-9.3.1-1.el7.x86_64
Oct 31 16:48:58 Installed: systemtap-runtime-3.2-8.el7_5.x86_64
Oct 31 16:49:01 Installed: systemtap-client-3.2-8.el7_5.x86_64
Oct 31 16:49:01 Installed: libgnome-keyring-3.12.0-1.el7.x86_64
Oct 31 16:49:01 Installed: perl-Git-1.8.3.1-14.el7_5.noarch
Oct 31 16:49:05 Installed: git-1.8.3.1-14.el7_5.x86_64
Oct 31 16:49:06 Installed: gettext-devel-0.19.8.1-2.el7.x86_64
Oct 31 16:49:06 Installed: intltool-0.50.2-7.el7.noarch
Oct 31 16:49:06 Installed: systemtap-3.2-8.el7_5.x86_64
Oct 31 16:49:08 Installed: subversion-1.7.14-14.el7.x86_64
Oct 31 16:49:09 Installed: gcc-gfortran-4.8.5-28.el7_5.1.x86_64
Oct 31 16:49:11 Installed: gcc-c++-4.8.5-28.el7_5.1.x86_64
Oct 31 16:49:13 Installed: libtool-2.4.2-22.el7_3.x86_64
Oct 31 16:49:13 Installed: cscope-15.8-10.el7.x86_64
Oct 31 16:49:13 Installed: rpm-build-4.11.3-32.el7.x86_64
Oct 31 16:49:13 Installed: patchutils-0.3.3-4.el7.x86_64
Oct 31 16:49:14 Installed: bison-3.0.4-1.el7.x86_64
Oct 31 16:49:14 Installed: flex-2.5.37-3.el7.x86_64
Oct 31 16:49:14 Installed: indent-2.2.11-13.el7.x86_64
Oct 31 16:49:15 Installed: ctags-5.8-13.el7.x86_64
Oct 31 16:49:16 Installed: byacc-1.9.20130304-3.el7.x86_64
Oct 31 16:49:16 Installed: rcs-5.9.0-5.el7.x86_64
Oct 31 16:49:17 Installed: rpm-sign-4.11.3-32.el7.x86_64
Oct 31 16:49:17 Installed: diffstat-1.57-4.el7.x86_64
Oct 31 16:49:19 Installed: swig-2.0.10-5.el7.x86_64
Oct 31 16:49:22 Installed: 1:doxygen-1.8.5-3.el7.x86_64
Oct 31 16:49:51 Installed: ncurses-devel-5.9-14.20130511.el7_4.x86_64
Oct 31 16:50:01 Installed: bc-1.06.95-13.el7.x86_64
Oct 31 16:50:28 Installed: xorg-x11-proto-devel-7.7-20.el7.noarch
Oct 31 16:50:28 Installed: libICE-1.0.9-9.el7.x86_64
Oct 31 16:50:28 Installed: libSM-1.2.2-2.el7.x86_64
Oct 31 16:50:28 Installed: libjpeg-turbo-1.2.90-5.el7.x86_64
Oct 31 16:50:28 Installed: libmng-1.0.10-14.el7.x86_64
Oct 31 16:50:28 Installed: libICE-devel-1.0.9-9.el7.x86_64
Oct 31 16:50:28 Installed: zlib-devel-1.2.7-17.el7.x86_64
Oct 31 16:50:29 Installed: freetype-devel-2.4.11-15.el7.x86_64
Oct 31 16:50:29 Installed: 2:libpng-1.5.13-7.el7_2.x86_64
Oct 31 16:50:29 Installed: libSM-devel-1.2.2-2.el7.x86_64
Oct 31 16:50:29 Installed: libjpeg-turbo-devel-1.2.90-5.el7.x86_64
Oct 31 16:50:29 Installed: libXau-1.0.8-2.1.el7.x86_64
Oct 31 16:50:29 Installed: libxcb-1.12-1.el7.x86_64
Oct 31 16:50:31 Installed: gl-manpages-1.1-7.20130122.el7.noarch
Oct 31 16:50:31 Installed: fontpackages-filesystem-1.44-8.el7.noarch
Oct 31 16:50:31 Installed: mesa-libglapi-17.2.3-8.20171019.el7.x86_64
Oct 31 16:50:31 Installed: stix-fonts-1.1.0-5.el7.noarch
Oct 31 16:50:32 Installed: fontconfig-2.10.95-11.el7.x86_64
Oct 31 16:50:32 Installed: libXau-devel-1.0.8-2.1.el7.x86_64
Oct 31 16:50:36 Installed: libxcb-devel-1.12-1.el7.x86_64
Oct 31 16:50:37 Installed: libmng-devel-1.0.10-14.el7.x86_64
Oct 31 16:50:37 Installed: 2:libpng-devel-1.5.13-7.el7_2.x86_64
Oct 31 16:50:37 Installed: libxshmfence-1.2-1.el7.x86_64
Oct 31 16:50:37 Installed: libX11-common-1.6.5-1.el7.noarch
Oct 31 16:50:38 Installed: libX11-1.6.5-1.el7.x86_64
Oct 31 16:50:39 Installed: libX11-devel-1.6.5-1.el7.x86_64
Oct 31 16:50:39 Installed: libXext-1.3.3-3.el7.x86_64
Oct 31 16:50:39 Installed: libXrender-0.9.10-1.el7.x86_64
Oct 31 16:50:40 Installed: libXext-devel-1.3.3-3.el7.x86_64
Oct 31 16:50:40 Installed: libXrender-devel-0.9.10-1.el7.x86_64
Oct 31 16:50:40 Installed: libXfixes-5.0.3-1.el7.x86_64
Oct 31 16:50:40 Installed: libXcursor-1.1.14-8.el7.x86_64
Oct 31 16:50:40 Installed: libXfixes-devel-5.0.3-1.el7.x86_64
Oct 31 16:50:41 Installed: libXft-2.3.2-2.el7.x86_64
Oct 31 16:50:42 Installed: libXrandr-1.5.1-2.el7.x86_64
Oct 31 16:50:42 Installed: libXinerama-1.1.3-2.1.el7.x86_64
Oct 31 16:50:42 Installed: libXdamage-1.1.4-4.1.el7.x86_64
Oct 31 16:50:42 Installed: libXi-1.7.9-1.el7.x86_64
Oct 31 16:50:42 Installed: libXxf86vm-1.1.4-1.el7.x86_64
Oct 31 16:50:42 Installed: mesa-libGL-17.2.3-8.20171019.el7.x86_64
Oct 31 16:50:43 Installed: mesa-libGLU-9.0.0-4.el7.x86_64
Oct 31 16:50:43 Installed: libXxf86vm-devel-1.1.4-1.el7.x86_64
Oct 31 16:50:44 Installed: qt3-3.3.8b-51.el7.x86_64
Oct 31 16:50:44 Installed: libXdamage-devel-1.1.4-4.1.el7.x86_64
Oct 31 16:50:44 Installed: libXinerama-devel-1.1.3-2.1.el7.x86_64
Oct 31 16:50:44 Installed: libXrandr-devel-1.5.1-2.el7.x86_64
Oct 31 16:50:44 Installed: libXcursor-devel-1.1.14-8.el7.x86_64
Oct 31 16:50:44 Installed: libXt-1.1.5-3.el7.x86_64
Oct 31 16:50:45 Installed: libXt-devel-1.1.5-3.el7.x86_64
Oct 31 16:50:45 Installed: expat-devel-2.1.0-10.el7_3.x86_64
Oct 31 16:50:45 Installed: fontconfig-devel-2.10.95-11.el7.x86_64
Oct 31 16:50:45 Installed: libXft-devel-2.3.2-2.el7.x86_64
Oct 31 16:50:45 Installed: libdrm-devel-2.4.83-2.el7.x86_64
Oct 31 16:50:45 Installed: mesa-libGL-devel-17.2.3-8.20171019.el7.x86_64
Oct 31 16:50:45 Installed: mesa-libGLU-devel-9.0.0-4.el7.x86_64
Oct 31 16:50:51 Installed: qt3-devel-3.3.8b-51.el7.x86_64
Oct 31 16:51:13 Installed: binutils-devel-2.27-28.base.el7_5.1.x86_64
Oct 31 16:51:13 Installed: elfutils-libelf-devel-0.170-4.el7.x86_64
Oct 31 16:51:13 Installed: hmaccalc-0.9.13-4.el7.x86_64
Oct 31 16:52:10 Installed: wget-1.14-15.el7_4.1.x86_64
